  ConsoleApplication1.cpp
C:\Users\polit\source\repos\ConsoleApplication1\ConsoleApplication1\ConsoleApplication1.cpp(168,23): warning C4018: '<': signed/unsigned mismatch
C:\Users\polit\source\repos\ConsoleApplication1\ConsoleApplication1\ConsoleApplication1.cpp(282,32): warning C4267: '=': conversion from 'size_t' to 'int', possible loss of data
C:\Users\polit\source\repos\ConsoleApplication1\ConsoleApplication1\ConsoleApplication1.cpp(307,31): warning C4267: '=': conversion from 'size_t' to 'int', possible loss of data
C:\Users\polit\source\repos\ConsoleApplication1\ConsoleApplication1\ConsoleApplication1.cpp(348,11): warning C4102: 'cv': unreferenced label
C:\Users\polit\source\repos\ConsoleApplication1\ConsoleApplication1\ConsoleApplication1.cpp(571,19): warning C4102: 'cv': unreferenced label
C:\Users\polit\source\repos\ConsoleApplication1\ConsoleApplication1\ConsoleApplication1.cpp(625,15): warning C4102: 'cv': unreferenced label
C:\Users\polit\source\repos\ConsoleApplication1\ConsoleApplication1\ConsoleApplication1.cpp(695,15): warning C4102: 'cv': unreferenced label
C:\Users\polit\source\repos\ConsoleApplication1\ConsoleApplication1\ConsoleApplication1.cpp(750,15): warning C4102: 'cv': unreferenced label
dcmimgle.lib(dimoimg.obj) : error LNK2038: mismatch detected for '_ITERATOR_DEBUG_LEVEL': value '0' doesn't match value '2' in ConsoleApplication1.obj
dcmimgle.lib(dimoimg.obj) : error LNK2038: mismatch detected for 'RuntimeLibrary': value 'MD_DynamicRelease' doesn't match value 'MDd_DynamicDebug' in ConsoleApplication1.obj
dcmimgle.lib(dcmimage.obj) : error LNK2038: mismatch detected for '_ITERATOR_DEBUG_LEVEL': value '0' doesn't match value '2' in ConsoleApplication1.obj
dcmimgle.lib(dcmimage.obj) : error LNK2038: mismatch detected for 'RuntimeLibrary': value 'MD_DynamicRelease' doesn't match value 'MDd_DynamicDebug' in ConsoleApplication1.obj
dcmimgle.lib(diutils.obj) : error LNK2038: mismatch detected for '_ITERATOR_DEBUG_LEVEL': value '0' doesn't match value '2' in ConsoleApplication1.obj
dcmimgle.lib(diutils.obj) : error LNK2038: mismatch detected for 'RuntimeLibrary': value 'MD_DynamicRelease' doesn't match value 'MDd_DynamicDebug' in ConsoleApplication1.obj
dcmimgle.lib(diovlay.obj) : error LNK2038: mismatch detected for '_ITERATOR_DEBUG_LEVEL': value '0' doesn't match value '2' in ConsoleApplication1.obj
dcmimgle.lib(diovlay.obj) : error LNK2038: mismatch detected for 'RuntimeLibrary': value 'MD_DynamicRelease' doesn't match value 'MDd_DynamicDebug' in ConsoleApplication1.obj
dcmimgle.lib(diimage.obj) : error LNK2038: mismatch detected for '_ITERATOR_DEBUG_LEVEL': value '0' doesn't match value '2' in ConsoleApplication1.obj
dcmimgle.lib(diimage.obj) : error LNK2038: mismatch detected for 'RuntimeLibrary': value 'MD_DynamicRelease' doesn't match value 'MDd_DynamicDebug' in ConsoleApplication1.obj
dcmimgle.lib(diluptab.obj) : error LNK2038: mismatch detected for '_ITERATOR_DEBUG_LEVEL': value '0' doesn't match value '2' in ConsoleApplication1.obj
dcmimgle.lib(diluptab.obj) : error LNK2038: mismatch detected for 'RuntimeLibrary': value 'MD_DynamicRelease' doesn't match value 'MDd_DynamicDebug' in ConsoleApplication1.obj
dcmimgle.lib(dimomod.obj) : error LNK2038: mismatch detected for '_ITERATOR_DEBUG_LEVEL': value '0' doesn't match value '2' in ConsoleApplication1.obj
dcmimgle.lib(dimomod.obj) : error LNK2038: mismatch detected for 'RuntimeLibrary': value 'MD_DynamicRelease' doesn't match value 'MDd_DynamicDebug' in ConsoleApplication1.obj
dcmimgle.lib(dimopx.obj) : error LNK2038: mismatch detected for '_ITERATOR_DEBUG_LEVEL': value '0' doesn't match value '2' in ConsoleApplication1.obj
dcmimgle.lib(dimopx.obj) : error LNK2038: mismatch detected for 'RuntimeLibrary': value 'MD_DynamicRelease' doesn't match value 'MDd_DynamicDebug' in ConsoleApplication1.obj
dcmimgle.lib(didispfn.obj) : error LNK2038: mismatch detected for '_ITERATOR_DEBUG_LEVEL': value '0' doesn't match value '2' in ConsoleApplication1.obj
dcmimgle.lib(didispfn.obj) : error LNK2038: mismatch detected for 'RuntimeLibrary': value 'MD_DynamicRelease' doesn't match value 'MDd_DynamicDebug' in ConsoleApplication1.obj
dcmimgle.lib(dimoimg3.obj) : error LNK2038: mismatch detected for '_ITERATOR_DEBUG_LEVEL': value '0' doesn't match value '2' in ConsoleApplication1.obj
dcmimgle.lib(dimoimg3.obj) : error LNK2038: mismatch detected for 'RuntimeLibrary': value 'MD_DynamicRelease' doesn't match value 'MDd_DynamicDebug' in ConsoleApplication1.obj
dcmimgle.lib(dimoimg4.obj) : error LNK2038: mismatch detected for '_ITERATOR_DEBUG_LEVEL': value '0' doesn't match value '2' in ConsoleApplication1.obj
dcmimgle.lib(dimoimg4.obj) : error LNK2038: mismatch detected for 'RuntimeLibrary': value 'MD_DynamicRelease' doesn't match value 'MDd_DynamicDebug' in ConsoleApplication1.obj
dcmimgle.lib(dimoimg5.obj) : error LNK2038: mismatch detected for '_ITERATOR_DEBUG_LEVEL': value '0' doesn't match value '2' in ConsoleApplication1.obj
dcmimgle.lib(dimoimg5.obj) : error LNK2038: mismatch detected for 'RuntimeLibrary': value 'MD_DynamicRelease' doesn't match value 'MDd_DynamicDebug' in ConsoleApplication1.obj
dcmimgle.lib(dimo2img.obj) : error LNK2038: mismatch detected for '_ITERATOR_DEBUG_LEVEL': value '0' doesn't match value '2' in ConsoleApplication1.obj
dcmimgle.lib(dimo2img.obj) : error LNK2038: mismatch detected for 'RuntimeLibrary': value 'MD_DynamicRelease' doesn't match value 'MDd_DynamicDebug' in ConsoleApplication1.obj
dcmimgle.lib(digsdfn.obj) : error LNK2038: mismatch detected for '_ITERATOR_DEBUG_LEVEL': value '0' doesn't match value '2' in ConsoleApplication1.obj
dcmimgle.lib(digsdfn.obj) : error LNK2038: mismatch detected for 'RuntimeLibrary': value 'MD_DynamicRelease' doesn't match value 'MDd_DynamicDebug' in ConsoleApplication1.obj
dcmimgle.lib(didocu.obj) : error LNK2038: mismatch detected for '_ITERATOR_DEBUG_LEVEL': value '0' doesn't match value '2' in ConsoleApplication1.obj
dcmimgle.lib(didocu.obj) : error LNK2038: mismatch detected for 'RuntimeLibrary': value 'MD_DynamicRelease' doesn't match value 'MDd_DynamicDebug' in ConsoleApplication1.obj
dcmimgle.lib(diovlimg.obj) : error LNK2038: mismatch detected for '_ITERATOR_DEBUG_LEVEL': value '0' doesn't match value '2' in ConsoleApplication1.obj
dcmimgle.lib(diovlimg.obj) : error LNK2038: mismatch detected for 'RuntimeLibrary': value 'MD_DynamicRelease' doesn't match value 'MDd_DynamicDebug' in ConsoleApplication1.obj
dcmimgle.lib(dimo1img.obj) : error LNK2038: mismatch detected for '_ITERATOR_DEBUG_LEVEL': value '0' doesn't match value '2' in ConsoleApplication1.obj
dcmimgle.lib(dimo1img.obj) : error LNK2038: mismatch detected for 'RuntimeLibrary': value 'MD_DynamicRelease' doesn't match value 'MDd_DynamicDebug' in ConsoleApplication1.obj
dcmimgle.lib(diovdat.obj) : error LNK2038: mismatch detected for '_ITERATOR_DEBUG_LEVEL': value '0' doesn't match value '2' in ConsoleApplication1.obj
dcmimgle.lib(diovdat.obj) : error LNK2038: mismatch detected for 'RuntimeLibrary': value 'MD_DynamicRelease' doesn't match value 'MDd_DynamicDebug' in ConsoleApplication1.obj
dcmimgle.lib(diovpln.obj) : error LNK2038: mismatch detected for '_ITERATOR_DEBUG_LEVEL': value '0' doesn't match value '2' in ConsoleApplication1.obj
dcmimgle.lib(diovpln.obj) : error LNK2038: mismatch detected for 'RuntimeLibrary': value 'MD_DynamicRelease' doesn't match value 'MDd_DynamicDebug' in ConsoleApplication1.obj
dcmimgle.lib(diinpx.obj) : error LNK2038: mismatch detected for '_ITERATOR_DEBUG_LEVEL': value '0' doesn't match value '2' in ConsoleApplication1.obj
dcmimgle.lib(diinpx.obj) : error LNK2038: mismatch detected for 'RuntimeLibrary': value 'MD_DynamicRelease' doesn't match value 'MDd_DynamicDebug' in ConsoleApplication1.obj
dcmimgle.lib(dibaslut.obj) : error LNK2038: mismatch detected for '_ITERATOR_DEBUG_LEVEL': value '0' doesn't match value '2' in ConsoleApplication1.obj
dcmimgle.lib(dibaslut.obj) : error LNK2038: mismatch detected for 'RuntimeLibrary': value 'MD_DynamicRelease' doesn't match value 'MDd_DynamicDebug' in ConsoleApplication1.obj
dcmimgle.lib(dimoopx.obj) : error LNK2038: mismatch detected for '_ITERATOR_DEBUG_LEVEL': value '0' doesn't match value '2' in ConsoleApplication1.obj
dcmimgle.lib(dimoopx.obj) : error LNK2038: mismatch detected for 'RuntimeLibrary': value 'MD_DynamicRelease' doesn't match value 'MDd_DynamicDebug' in ConsoleApplication1.obj
dcmimgle.lib(digsdlut.obj) : error LNK2038: mismatch detected for '_ITERATOR_DEBUG_LEVEL': value '0' doesn't match value '2' in ConsoleApplication1.obj
dcmimgle.lib(digsdlut.obj) : error LNK2038: mismatch detected for 'RuntimeLibrary': value 'MD_DynamicRelease' doesn't match value 'MDd_DynamicDebug' in ConsoleApplication1.obj
dcmimgle.lib(didislut.obj) : error LNK2038: mismatch detected for '_ITERATOR_DEBUG_LEVEL': value '0' doesn't match value '2' in ConsoleApplication1.obj
dcmimgle.lib(didislut.obj) : error LNK2038: mismatch detected for 'RuntimeLibrary': value 'MD_DynamicRelease' doesn't match value 'MDd_DynamicDebug' in ConsoleApplication1.obj
dcmimage.lib(diregist.obj) : error LNK2038: mismatch detected for '_ITERATOR_DEBUG_LEVEL': value '0' doesn't match value '2' in ConsoleApplication1.obj
dcmimage.lib(diregist.obj) : error LNK2038: mismatch detected for 'RuntimeLibrary': value 'MD_DynamicRelease' doesn't match value 'MDd_DynamicDebug' in ConsoleApplication1.obj
dcmimage.lib(dipalimg.obj) : error LNK2038: mismatch detected for '_ITERATOR_DEBUG_LEVEL': value '0' doesn't match value '2' in ConsoleApplication1.obj
dcmimage.lib(dipalimg.obj) : error LNK2038: mismatch detected for 'RuntimeLibrary': value 'MD_DynamicRelease' doesn't match value 'MDd_DynamicDebug' in ConsoleApplication1.obj
dcmimage.lib(dirgbimg.obj) : error LNK2038: mismatch detected for '_ITERATOR_DEBUG_LEVEL': value '0' doesn't match value '2' in ConsoleApplication1.obj
dcmimage.lib(dirgbimg.obj) : error LNK2038: mismatch detected for 'RuntimeLibrary': value 'MD_DynamicRelease' doesn't match value 'MDd_DynamicDebug' in ConsoleApplication1.obj
dcmimage.lib(dihsvimg.obj) : error LNK2038: mismatch detected for '_ITERATOR_DEBUG_LEVEL': value '0' doesn't match value '2' in ConsoleApplication1.obj
dcmimage.lib(dihsvimg.obj) : error LNK2038: mismatch detected for 'RuntimeLibrary': value 'MD_DynamicRelease' doesn't match value 'MDd_DynamicDebug' in ConsoleApplication1.obj
dcmimage.lib(diargimg.obj) : error LNK2038: mismatch detected for '_ITERATOR_DEBUG_LEVEL': value '0' doesn't match value '2' in ConsoleApplication1.obj
dcmimage.lib(diargimg.obj) : error LNK2038: mismatch detected for 'RuntimeLibrary': value 'MD_DynamicRelease' doesn't match value 'MDd_DynamicDebug' in ConsoleApplication1.obj
dcmimage.lib(dicmyimg.obj) : error LNK2038: mismatch detected for '_ITERATOR_DEBUG_LEVEL': value '0' doesn't match value '2' in ConsoleApplication1.obj
dcmimage.lib(dicmyimg.obj) : error LNK2038: mismatch detected for 'RuntimeLibrary': value 'MD_DynamicRelease' doesn't match value 'MDd_DynamicDebug' in ConsoleApplication1.obj
dcmimage.lib(diybrimg.obj) : error LNK2038: mismatch detected for '_ITERATOR_DEBUG_LEVEL': value '0' doesn't match value '2' in ConsoleApplication1.obj
dcmimage.lib(diybrimg.obj) : error LNK2038: mismatch detected for 'RuntimeLibrary': value 'MD_DynamicRelease' doesn't match value 'MDd_DynamicDebug' in ConsoleApplication1.obj
dcmimage.lib(diyf2img.obj) : error LNK2038: mismatch detected for '_ITERATOR_DEBUG_LEVEL': value '0' doesn't match value '2' in ConsoleApplication1.obj
dcmimage.lib(diyf2img.obj) : error LNK2038: mismatch detected for 'RuntimeLibrary': value 'MD_DynamicRelease' doesn't match value 'MDd_DynamicDebug' in ConsoleApplication1.obj
dcmimage.lib(diyp2img.obj) : error LNK2038: mismatch detected for '_ITERATOR_DEBUG_LEVEL': value '0' doesn't match value '2' in ConsoleApplication1.obj
dcmimage.lib(diyp2img.obj) : error LNK2038: mismatch detected for 'RuntimeLibrary': value 'MD_DynamicRelease' doesn't match value 'MDd_DynamicDebug' in ConsoleApplication1.obj
dcmimage.lib(dicopx.obj) : error LNK2038: mismatch detected for '_ITERATOR_DEBUG_LEVEL': value '0' doesn't match value '2' in ConsoleApplication1.obj
dcmimage.lib(dicopx.obj) : error LNK2038: mismatch detected for 'RuntimeLibrary': value 'MD_DynamicRelease' doesn't match value 'MDd_DynamicDebug' in ConsoleApplication1.obj
dcmimage.lib(dicoimg.obj) : error LNK2038: mismatch detected for '_ITERATOR_DEBUG_LEVEL': value '0' doesn't match value '2' in ConsoleApplication1.obj
dcmimage.lib(dicoimg.obj) : error LNK2038: mismatch detected for 'RuntimeLibrary': value 'MD_DynamicRelease' doesn't match value 'MDd_DynamicDebug' in ConsoleApplication1.obj
dcmimage.lib(dilogger.obj) : error LNK2038: mismatch detected for '_ITERATOR_DEBUG_LEVEL': value '0' doesn't match value '2' in ConsoleApplication1.obj
dcmimage.lib(dilogger.obj) : error LNK2038: mismatch detected for 'RuntimeLibrary': value 'MD_DynamicRelease' doesn't match value 'MDd_DynamicDebug' in ConsoleApplication1.obj
dcmimage.lib(dicoopx.obj) : error LNK2038: mismatch detected for '_ITERATOR_DEBUG_LEVEL': value '0' doesn't match value '2' in ConsoleApplication1.obj
dcmimage.lib(dicoopx.obj) : error LNK2038: mismatch detected for 'RuntimeLibrary': value 'MD_DynamicRelease' doesn't match value 'MDd_DynamicDebug' in ConsoleApplication1.obj
ofstd.lib(ofstring.obj) : error LNK2038: mismatch detected for '_ITERATOR_DEBUG_LEVEL': value '0' doesn't match value '2' in ConsoleApplication1.obj
ofstd.lib(ofstring.obj) : error LNK2038: mismatch detected for 'RuntimeLibrary': value 'MD_DynamicRelease' doesn't match value 'MDd_DynamicDebug' in ConsoleApplication1.obj
ofstd.lib(ofthread.obj) : error LNK2038: mismatch detected for '_ITERATOR_DEBUG_LEVEL': value '0' doesn't match value '2' in ConsoleApplication1.obj
ofstd.lib(ofthread.obj) : error LNK2038: mismatch detected for 'RuntimeLibrary': value 'MD_DynamicRelease' doesn't match value 'MDd_DynamicDebug' in ConsoleApplication1.obj
ofstd.lib(ofstd.obj) : error LNK2038: mismatch detected for '_ITERATOR_DEBUG_LEVEL': value '0' doesn't match value '2' in ConsoleApplication1.obj
ofstd.lib(ofstd.obj) : error LNK2038: mismatch detected for 'RuntimeLibrary': value 'MD_DynamicRelease' doesn't match value 'MDd_DynamicDebug' in ConsoleApplication1.obj
ofstd.lib(offile.obj) : error LNK2038: mismatch detected for '_ITERATOR_DEBUG_LEVEL': value '0' doesn't match value '2' in ConsoleApplication1.obj
ofstd.lib(offile.obj) : error LNK2038: mismatch detected for 'RuntimeLibrary': value 'MD_DynamicRelease' doesn't match value 'MDd_DynamicDebug' in ConsoleApplication1.obj
ofstd.lib(ofcond.obj) : error LNK2038: mismatch detected for '_ITERATOR_DEBUG_LEVEL': value '0' doesn't match value '2' in ConsoleApplication1.obj
ofstd.lib(ofcond.obj) : error LNK2038: mismatch detected for 'RuntimeLibrary': value 'MD_DynamicRelease' doesn't match value 'MDd_DynamicDebug' in ConsoleApplication1.obj
ofstd.lib(ofconsol.obj) : error LNK2038: mismatch detected for '_ITERATOR_DEBUG_LEVEL': value '0' doesn't match value '2' in ConsoleApplication1.obj
ofstd.lib(ofconsol.obj) : error LNK2038: mismatch detected for 'RuntimeLibrary': value 'MD_DynamicRelease' doesn't match value 'MDd_DynamicDebug' in ConsoleApplication1.obj
ofstd.lib(oflist.obj) : error LNK2038: mismatch detected for '_ITERATOR_DEBUG_LEVEL': value '0' doesn't match value '2' in ConsoleApplication1.obj
ofstd.lib(oflist.obj) : error LNK2038: mismatch detected for 'RuntimeLibrary': value 'MD_DynamicRelease' doesn't match value 'MDd_DynamicDebug' in ConsoleApplication1.obj
ofstd.lib(oferror.obj) : error LNK2038: mismatch detected for '_ITERATOR_DEBUG_LEVEL': value '0' doesn't match value '2' in ConsoleApplication1.obj
ofstd.lib(oferror.obj) : error LNK2038: mismatch detected for 'RuntimeLibrary': value 'MD_DynamicRelease' doesn't match value 'MDd_DynamicDebug' in ConsoleApplication1.obj
ofstd.lib(ofmath.obj) : error LNK2038: mismatch detected for '_ITERATOR_DEBUG_LEVEL': value '0' doesn't match value '2' in ConsoleApplication1.obj
ofstd.lib(ofmath.obj) : error LNK2038: mismatch detected for 'RuntimeLibrary': value 'MD_DynamicRelease' doesn't match value 'MDd_DynamicDebug' in ConsoleApplication1.obj
ofstd.lib(offilsys.obj) : error LNK2038: mismatch detected for '_ITERATOR_DEBUG_LEVEL': value '0' doesn't match value '2' in ConsoleApplication1.obj
ofstd.lib(offilsys.obj) : error LNK2038: mismatch detected for 'RuntimeLibrary': value 'MD_DynamicRelease' doesn't match value 'MDd_DynamicDebug' in ConsoleApplication1.obj
oflog.lib(logger.obj) : error LNK2038: mismatch detected for '_ITERATOR_DEBUG_LEVEL': value '0' doesn't match value '2' in ConsoleApplication1.obj
oflog.lib(logger.obj) : error LNK2038: mismatch detected for 'RuntimeLibrary': value 'MD_DynamicRelease' doesn't match value 'MDd_DynamicDebug' in ConsoleApplication1.obj
oflog.lib(logmacro.obj) : error LNK2038: mismatch detected for '_ITERATOR_DEBUG_LEVEL': value '0' doesn't match value '2' in ConsoleApplication1.obj
oflog.lib(logmacro.obj) : error LNK2038: mismatch detected for 'RuntimeLibrary': value 'MD_DynamicRelease' doesn't match value 'MDd_DynamicDebug' in ConsoleApplication1.obj
oflog.lib(oflog.obj) : error LNK2038: mismatch detected for '_ITERATOR_DEBUG_LEVEL': value '0' doesn't match value '2' in ConsoleApplication1.obj
oflog.lib(oflog.obj) : error LNK2038: mismatch detected for 'RuntimeLibrary': value 'MD_DynamicRelease' doesn't match value 'MDd_DynamicDebug' in ConsoleApplication1.obj
oflog.lib(pointer.obj) : error LNK2038: mismatch detected for '_ITERATOR_DEBUG_LEVEL': value '0' doesn't match value '2' in ConsoleApplication1.obj
oflog.lib(pointer.obj) : error LNK2038: mismatch detected for 'RuntimeLibrary': value 'MD_DynamicRelease' doesn't match value 'MDd_DynamicDebug' in ConsoleApplication1.obj
oflog.lib(apndimpl.obj) : error LNK2038: mismatch detected for '_ITERATOR_DEBUG_LEVEL': value '0' doesn't match value '2' in ConsoleApplication1.obj
oflog.lib(apndimpl.obj) : error LNK2038: mismatch detected for 'RuntimeLibrary': value 'MD_DynamicRelease' doesn't match value 'MDd_DynamicDebug' in ConsoleApplication1.obj
oflog.lib(globinit.obj) : error LNK2038: mismatch detected for '_ITERATOR_DEBUG_LEVEL': value '0' doesn't match value '2' in ConsoleApplication1.obj
oflog.lib(globinit.obj) : error LNK2038: mismatch detected for 'RuntimeLibrary': value 'MD_DynamicRelease' doesn't match value 'MDd_DynamicDebug' in ConsoleApplication1.obj
oflog.lib(loglog.obj) : error LNK2038: mismatch detected for '_ITERATOR_DEBUG_LEVEL': value '0' doesn't match value '2' in ConsoleApplication1.obj
oflog.lib(loglog.obj) : error LNK2038: mismatch detected for 'RuntimeLibrary': value 'MD_DynamicRelease' doesn't match value 'MDd_DynamicDebug' in ConsoleApplication1.obj
oflog.lib(logimpl.obj) : error LNK2038: mismatch detected for '_ITERATOR_DEBUG_LEVEL': value '0' doesn't match value '2' in ConsoleApplication1.obj
oflog.lib(logimpl.obj) : error LNK2038: mismatch detected for 'RuntimeLibrary': value 'MD_DynamicRelease' doesn't match value 'MDd_DynamicDebug' in ConsoleApplication1.obj
oflog.lib(logevent.obj) : error LNK2038: mismatch detected for '_ITERATOR_DEBUG_LEVEL': value '0' doesn't match value '2' in ConsoleApplication1.obj
oflog.lib(logevent.obj) : error LNK2038: mismatch detected for 'RuntimeLibrary': value 'MD_DynamicRelease' doesn't match value 'MDd_DynamicDebug' in ConsoleApplication1.obj
oflog.lib(loglevel.obj) : error LNK2038: mismatch detected for '_ITERATOR_DEBUG_LEVEL': value '0' doesn't match value '2' in ConsoleApplication1.obj
oflog.lib(loglevel.obj) : error LNK2038: mismatch detected for 'RuntimeLibrary': value 'MD_DynamicRelease' doesn't match value 'MDd_DynamicDebug' in ConsoleApplication1.obj
oflog.lib(patlay.obj) : error LNK2038: mismatch detected for '_ITERATOR_DEBUG_LEVEL': value '0' doesn't match value '2' in ConsoleApplication1.obj
oflog.lib(patlay.obj) : error LNK2038: mismatch detected for 'RuntimeLibrary': value 'MD_DynamicRelease' doesn't match value 'MDd_DynamicDebug' in ConsoleApplication1.obj
oflog.lib(property.obj) : error LNK2038: mismatch detected for '_ITERATOR_DEBUG_LEVEL': value '0' doesn't match value '2' in ConsoleApplication1.obj
oflog.lib(property.obj) : error LNK2038: mismatch detected for 'RuntimeLibrary': value 'MD_DynamicRelease' doesn't match value 'MDd_DynamicDebug' in ConsoleApplication1.obj
oflog.lib(config.obj) : error LNK2038: mismatch detected for '_ITERATOR_DEBUG_LEVEL': value '0' doesn't match value '2' in ConsoleApplication1.obj
oflog.lib(config.obj) : error LNK2038: mismatch detected for 'RuntimeLibrary': value 'MD_DynamicRelease' doesn't match value 'MDd_DynamicDebug' in ConsoleApplication1.obj
oflog.lib(consap.obj) : error LNK2038: mismatch detected for '_ITERATOR_DEBUG_LEVEL': value '0' doesn't match value '2' in ConsoleApplication1.obj
oflog.lib(consap.obj) : error LNK2038: mismatch detected for 'RuntimeLibrary': value 'MD_DynamicRelease' doesn't match value 'MDd_DynamicDebug' in ConsoleApplication1.obj
oflog.lib(winsock.obj) : error LNK2038: mismatch detected for '_ITERATOR_DEBUG_LEVEL': value '0' doesn't match value '2' in ConsoleApplication1.obj
oflog.lib(winsock.obj) : error LNK2038: mismatch detected for 'RuntimeLibrary': value 'MD_DynamicRelease' doesn't match value 'MDd_DynamicDebug' in ConsoleApplication1.obj
oflog.lib(syncprims.obj) : error LNK2038: mismatch detected for '_ITERATOR_DEBUG_LEVEL': value '0' doesn't match value '2' in ConsoleApplication1.obj
oflog.lib(syncprims.obj) : error LNK2038: mismatch detected for 'RuntimeLibrary': value 'MD_DynamicRelease' doesn't match value 'MDd_DynamicDebug' in ConsoleApplication1.obj
oflog.lib(appender.obj) : error LNK2038: mismatch detected for '_ITERATOR_DEBUG_LEVEL': value '0' doesn't match value '2' in ConsoleApplication1.obj
oflog.lib(appender.obj) : error LNK2038: mismatch detected for 'RuntimeLibrary': value 'MD_DynamicRelease' doesn't match value 'MDd_DynamicDebug' in ConsoleApplication1.obj
oflog.lib(ndc.obj) : error LNK2038: mismatch detected for '_ITERATOR_DEBUG_LEVEL': value '0' doesn't match value '2' in ConsoleApplication1.obj
oflog.lib(ndc.obj) : error LNK2038: mismatch detected for 'RuntimeLibrary': value 'MD_DynamicRelease' doesn't match value 'MDd_DynamicDebug' in ConsoleApplication1.obj
oflog.lib(mdc.obj) : error LNK2038: mismatch detected for '_ITERATOR_DEBUG_LEVEL': value '0' doesn't match value '2' in ConsoleApplication1.obj
oflog.lib(mdc.obj) : error LNK2038: mismatch detected for 'RuntimeLibrary': value 'MD_DynamicRelease' doesn't match value 'MDd_DynamicDebug' in ConsoleApplication1.obj
oflog.lib(timehelp.obj) : error LNK2038: mismatch detected for '_ITERATOR_DEBUG_LEVEL': value '0' doesn't match value '2' in ConsoleApplication1.obj
oflog.lib(timehelp.obj) : error LNK2038: mismatch detected for 'RuntimeLibrary': value 'MD_DynamicRelease' doesn't match value 'MDd_DynamicDebug' in ConsoleApplication1.obj
oflog.lib(snprintf.obj) : error LNK2038: mismatch detected for '_ITERATOR_DEBUG_LEVEL': value '0' doesn't match value '2' in ConsoleApplication1.obj
oflog.lib(snprintf.obj) : error LNK2038: mismatch detected for 'RuntimeLibrary': value 'MD_DynamicRelease' doesn't match value 'MDd_DynamicDebug' in ConsoleApplication1.obj
oflog.lib(objreg.obj) : error LNK2038: mismatch detected for '_ITERATOR_DEBUG_LEVEL': value '0' doesn't match value '2' in ConsoleApplication1.obj
oflog.lib(objreg.obj) : error LNK2038: mismatch detected for 'RuntimeLibrary': value 'MD_DynamicRelease' doesn't match value 'MDd_DynamicDebug' in ConsoleApplication1.obj
oflog.lib(hierarchy.obj) : error LNK2038: mismatch detected for '_ITERATOR_DEBUG_LEVEL': value '0' doesn't match value '2' in ConsoleApplication1.obj
oflog.lib(hierarchy.obj) : error LNK2038: mismatch detected for 'RuntimeLibrary': value 'MD_DynamicRelease' doesn't match value 'MDd_DynamicDebug' in ConsoleApplication1.obj
oflog.lib(factory.obj) : error LNK2038: mismatch detected for '_ITERATOR_DEBUG_LEVEL': value '0' doesn't match value '2' in ConsoleApplication1.obj
oflog.lib(factory.obj) : error LNK2038: mismatch detected for 'RuntimeLibrary': value 'MD_DynamicRelease' doesn't match value 'MDd_DynamicDebug' in ConsoleApplication1.obj
oflog.lib(env.obj) : error LNK2038: mismatch detected for '_ITERATOR_DEBUG_LEVEL': value '0' doesn't match value '2' in ConsoleApplication1.obj
oflog.lib(env.obj) : error LNK2038: mismatch detected for 'RuntimeLibrary': value 'MD_DynamicRelease' doesn't match value 'MDd_DynamicDebug' in ConsoleApplication1.obj
oflog.lib(threads.obj) : error LNK2038: mismatch detected for '_ITERATOR_DEBUG_LEVEL': value '0' doesn't match value '2' in ConsoleApplication1.obj
oflog.lib(threads.obj) : error LNK2038: mismatch detected for 'RuntimeLibrary': value 'MD_DynamicRelease' doesn't match value 'MDd_DynamicDebug' in ConsoleApplication1.obj
oflog.lib(strhelp.obj) : error LNK2038: mismatch detected for '_ITERATOR_DEBUG_LEVEL': value '0' doesn't match value '2' in ConsoleApplication1.obj
oflog.lib(strhelp.obj) : error LNK2038: mismatch detected for 'RuntimeLibrary': value 'MD_DynamicRelease' doesn't match value 'MDd_DynamicDebug' in ConsoleApplication1.obj
oflog.lib(layout.obj) : error LNK2038: mismatch detected for '_ITERATOR_DEBUG_LEVEL': value '0' doesn't match value '2' in ConsoleApplication1.obj
oflog.lib(layout.obj) : error LNK2038: mismatch detected for 'RuntimeLibrary': value 'MD_DynamicRelease' doesn't match value 'MDd_DynamicDebug' in ConsoleApplication1.obj
oflog.lib(hierlock.obj) : error LNK2038: mismatch detected for '_ITERATOR_DEBUG_LEVEL': value '0' doesn't match value '2' in ConsoleApplication1.obj
oflog.lib(hierlock.obj) : error LNK2038: mismatch detected for 'RuntimeLibrary': value 'MD_DynamicRelease' doesn't match value 'MDd_DynamicDebug' in ConsoleApplication1.obj
oflog.lib(fileinfo.obj) : error LNK2038: mismatch detected for '_ITERATOR_DEBUG_LEVEL': value '0' doesn't match value '2' in ConsoleApplication1.obj
oflog.lib(fileinfo.obj) : error LNK2038: mismatch detected for 'RuntimeLibrary': value 'MD_DynamicRelease' doesn't match value 'MDd_DynamicDebug' in ConsoleApplication1.obj
oflog.lib(socket.obj) : error LNK2038: mismatch detected for '_ITERATOR_DEBUG_LEVEL': value '0' doesn't match value '2' in ConsoleApplication1.obj
oflog.lib(socket.obj) : error LNK2038: mismatch detected for 'RuntimeLibrary': value 'MD_DynamicRelease' doesn't match value 'MDd_DynamicDebug' in ConsoleApplication1.obj
oflog.lib(filter.obj) : error LNK2038: mismatch detected for '_ITERATOR_DEBUG_LEVEL': value '0' doesn't match value '2' in ConsoleApplication1.obj
oflog.lib(filter.obj) : error LNK2038: mismatch detected for 'RuntimeLibrary': value 'MD_DynamicRelease' doesn't match value 'MDd_DynamicDebug' in ConsoleApplication1.obj
oflog.lib(lockfile.obj) : error LNK2038: mismatch detected for '_ITERATOR_DEBUG_LEVEL': value '0' doesn't match value '2' in ConsoleApplication1.obj
oflog.lib(lockfile.obj) : error LNK2038: mismatch detected for 'RuntimeLibrary': value 'MD_DynamicRelease' doesn't match value 'MDd_DynamicDebug' in ConsoleApplication1.obj
oflog.lib(rootlog.obj) : error LNK2038: mismatch detected for '_ITERATOR_DEBUG_LEVEL': value '0' doesn't match value '2' in ConsoleApplication1.obj
oflog.lib(rootlog.obj) : error LNK2038: mismatch detected for 'RuntimeLibrary': value 'MD_DynamicRelease' doesn't match value 'MDd_DynamicDebug' in ConsoleApplication1.obj
oflog.lib(asyncap.obj) : error LNK2038: mismatch detected for '_ITERATOR_DEBUG_LEVEL': value '0' doesn't match value '2' in ConsoleApplication1.obj
oflog.lib(asyncap.obj) : error LNK2038: mismatch detected for 'RuntimeLibrary': value 'MD_DynamicRelease' doesn't match value 'MDd_DynamicDebug' in ConsoleApplication1.obj
oflog.lib(fileap.obj) : error LNK2038: mismatch detected for '_ITERATOR_DEBUG_LEVEL': value '0' doesn't match value '2' in ConsoleApplication1.obj
oflog.lib(fileap.obj) : error LNK2038: mismatch detected for 'RuntimeLibrary': value 'MD_DynamicRelease' doesn't match value 'MDd_DynamicDebug' in ConsoleApplication1.obj
oflog.lib(ntelogap.obj) : error LNK2038: mismatch detected for '_ITERATOR_DEBUG_LEVEL': value '0' doesn't match value '2' in ConsoleApplication1.obj
oflog.lib(ntelogap.obj) : error LNK2038: mismatch detected for 'RuntimeLibrary': value 'MD_DynamicRelease' doesn't match value 'MDd_DynamicDebug' in ConsoleApplication1.obj
oflog.lib(nullap.obj) : error LNK2038: mismatch detected for '_ITERATOR_DEBUG_LEVEL': value '0' doesn't match value '2' in ConsoleApplication1.obj
oflog.lib(nullap.obj) : error LNK2038: mismatch detected for 'RuntimeLibrary': value 'MD_DynamicRelease' doesn't match value 'MDd_DynamicDebug' in ConsoleApplication1.obj
oflog.lib(socketap.obj) : error LNK2038: mismatch detected for '_ITERATOR_DEBUG_LEVEL': value '0' doesn't match value '2' in ConsoleApplication1.obj
oflog.lib(socketap.obj) : error LNK2038: mismatch detected for 'RuntimeLibrary': value 'MD_DynamicRelease' doesn't match value 'MDd_DynamicDebug' in ConsoleApplication1.obj
oflog.lib(syslogap.obj) : error LNK2038: mismatch detected for '_ITERATOR_DEBUG_LEVEL': value '0' doesn't match value '2' in ConsoleApplication1.obj
oflog.lib(syslogap.obj) : error LNK2038: mismatch detected for 'RuntimeLibrary': value 'MD_DynamicRelease' doesn't match value 'MDd_DynamicDebug' in ConsoleApplication1.obj
oflog.lib(windebap.obj) : error LNK2038: mismatch detected for '_ITERATOR_DEBUG_LEVEL': value '0' doesn't match value '2' in ConsoleApplication1.obj
oflog.lib(windebap.obj) : error LNK2038: mismatch detected for 'RuntimeLibrary': value 'MD_DynamicRelease' doesn't match value 'MDd_DynamicDebug' in ConsoleApplication1.obj
oflog.lib(winconap.obj) : error LNK2038: mismatch detected for '_ITERATOR_DEBUG_LEVEL': value '0' doesn't match value '2' in ConsoleApplication1.obj
oflog.lib(winconap.obj) : error LNK2038: mismatch detected for 'RuntimeLibrary': value 'MD_DynamicRelease' doesn't match value 'MDd_DynamicDebug' in ConsoleApplication1.obj
oflog.lib(log4judp.obj) : error LNK2038: mismatch detected for '_ITERATOR_DEBUG_LEVEL': value '0' doesn't match value '2' in ConsoleApplication1.obj
oflog.lib(log4judp.obj) : error LNK2038: mismatch detected for 'RuntimeLibrary': value 'MD_DynamicRelease' doesn't match value 'MDd_DynamicDebug' in ConsoleApplication1.obj
oflog.lib(queue.obj) : error LNK2038: mismatch detected for '_ITERATOR_DEBUG_LEVEL': value '0' doesn't match value '2' in ConsoleApplication1.obj
oflog.lib(queue.obj) : error LNK2038: mismatch detected for 'RuntimeLibrary': value 'MD_DynamicRelease' doesn't match value 'MDd_DynamicDebug' in ConsoleApplication1.obj
oflog.lib(sockbuff.obj) : error LNK2038: mismatch detected for '_ITERATOR_DEBUG_LEVEL': value '0' doesn't match value '2' in ConsoleApplication1.obj
oflog.lib(sockbuff.obj) : error LNK2038: mismatch detected for 'RuntimeLibrary': value 'MD_DynamicRelease' doesn't match value 'MDd_DynamicDebug' in ConsoleApplication1.obj
oflog.lib(sleep.obj) : error LNK2038: mismatch detected for '_ITERATOR_DEBUG_LEVEL': value '0' doesn't match value '2' in ConsoleApplication1.obj
oflog.lib(sleep.obj) : error LNK2038: mismatch detected for 'RuntimeLibrary': value 'MD_DynamicRelease' doesn't match value 'MDd_DynamicDebug' in ConsoleApplication1.obj
dcmdata.lib(dctag.obj) : error LNK2038: mismatch detected for '_ITERATOR_DEBUG_LEVEL': value '0' doesn't match value '2' in ConsoleApplication1.obj
dcmdata.lib(dctag.obj) : error LNK2038: mismatch detected for 'RuntimeLibrary': value 'MD_DynamicRelease' doesn't match value 'MDd_DynamicDebug' in ConsoleApplication1.obj
dcmdata.lib(dcitem.obj) : error LNK2038: mismatch detected for '_ITERATOR_DEBUG_LEVEL': value '0' doesn't match value '2' in ConsoleApplication1.obj
dcmdata.lib(dcitem.obj) : error LNK2038: mismatch detected for 'RuntimeLibrary': value 'MD_DynamicRelease' doesn't match value 'MDd_DynamicDebug' in ConsoleApplication1.obj
dcmdata.lib(dcdict.obj) : error LNK2038: mismatch detected for '_ITERATOR_DEBUG_LEVEL': value '0' doesn't match value '2' in ConsoleApplication1.obj
dcmdata.lib(dcdict.obj) : error LNK2038: mismatch detected for 'RuntimeLibrary': value 'MD_DynamicRelease' doesn't match value 'MDd_DynamicDebug' in ConsoleApplication1.obj
dcmdata.lib(dcvr.obj) : error LNK2038: mismatch detected for '_ITERATOR_DEBUG_LEVEL': value '0' doesn't match value '2' in ConsoleApplication1.obj
dcmdata.lib(dcvr.obj) : error LNK2038: mismatch detected for 'RuntimeLibrary': value 'MD_DynamicRelease' doesn't match value 'MDd_DynamicDebug' in ConsoleApplication1.obj
dcmdata.lib(dcxfer.obj) : error LNK2038: mismatch detected for '_ITERATOR_DEBUG_LEVEL': value '0' doesn't match value '2' in ConsoleApplication1.obj
dcmdata.lib(dcxfer.obj) : error LNK2038: mismatch detected for 'RuntimeLibrary': value 'MD_DynamicRelease' doesn't match value 'MDd_DynamicDebug' in ConsoleApplication1.obj
dcmdata.lib(dcswap.obj) : error LNK2038: mismatch detected for '_ITERATOR_DEBUG_LEVEL': value '0' doesn't match value '2' in ConsoleApplication1.obj
dcmdata.lib(dcswap.obj) : error LNK2038: mismatch detected for 'RuntimeLibrary': value 'MD_DynamicRelease' doesn't match value 'MDd_DynamicDebug' in ConsoleApplication1.obj
dcmdata.lib(dcuid.obj) : error LNK2038: mismatch detected for '_ITERATOR_DEBUG_LEVEL': value '0' doesn't match value '2' in ConsoleApplication1.obj
dcmdata.lib(dcuid.obj) : error LNK2038: mismatch detected for 'RuntimeLibrary': value 'MD_DynamicRelease' doesn't match value 'MDd_DynamicDebug' in ConsoleApplication1.obj
dcmdata.lib(dcerror.obj) : error LNK2038: mismatch detected for '_ITERATOR_DEBUG_LEVEL': value '0' doesn't match value '2' in ConsoleApplication1.obj
dcmdata.lib(dcerror.obj) : error LNK2038: mismatch detected for 'RuntimeLibrary': value 'MD_DynamicRelease' doesn't match value 'MDd_DynamicDebug' in ConsoleApplication1.obj
dcmdata.lib(dctagkey.obj) : error LNK2038: mismatch detected for '_ITERATOR_DEBUG_LEVEL': value '0' doesn't match value '2' in ConsoleApplication1.obj
dcmdata.lib(dctagkey.obj) : error LNK2038: mismatch detected for 'RuntimeLibrary': value 'MD_DynamicRelease' doesn't match value 'MDd_DynamicDebug' in ConsoleApplication1.obj
dcmdata.lib(dcstack.obj) : error LNK2038: mismatch detected for '_ITERATOR_DEBUG_LEVEL': value '0' doesn't match value '2' in ConsoleApplication1.obj
dcmdata.lib(dcstack.obj) : error LNK2038: mismatch detected for 'RuntimeLibrary': value 'MD_DynamicRelease' doesn't match value 'MDd_DynamicDebug' in ConsoleApplication1.obj
dcmdata.lib(dcdatset.obj) : error LNK2038: mismatch detected for '_ITERATOR_DEBUG_LEVEL': value '0' doesn't match value '2' in ConsoleApplication1.obj
dcmdata.lib(dcdatset.obj) : error LNK2038: mismatch detected for 'RuntimeLibrary': value 'MD_DynamicRelease' doesn't match value 'MDd_DynamicDebug' in ConsoleApplication1.obj
dcmdata.lib(dcfilefo.obj) : error LNK2038: mismatch detected for '_ITERATOR_DEBUG_LEVEL': value '0' doesn't match value '2' in ConsoleApplication1.obj
dcmdata.lib(dcfilefo.obj) : error LNK2038: mismatch detected for 'RuntimeLibrary': value 'MD_DynamicRelease' doesn't match value 'MDd_DynamicDebug' in ConsoleApplication1.obj
dcmdata.lib(dcpixel.obj) : error LNK2038: mismatch detected for '_ITERATOR_DEBUG_LEVEL': value '0' doesn't match value '2' in ConsoleApplication1.obj
dcmdata.lib(dcpixel.obj) : error LNK2038: mismatch detected for 'RuntimeLibrary': value 'MD_DynamicRelease' doesn't match value 'MDd_DynamicDebug' in ConsoleApplication1.obj
dcmdata.lib(dcobject.obj) : error LNK2038: mismatch detected for '_ITERATOR_DEBUG_LEVEL': value '0' doesn't match value '2' in ConsoleApplication1.obj
dcmdata.lib(dcobject.obj) : error LNK2038: mismatch detected for 'RuntimeLibrary': value 'MD_DynamicRelease' doesn't match value 'MDd_DynamicDebug' in ConsoleApplication1.obj
dcmdata.lib(dclist.obj) : error LNK2038: mismatch detected for '_ITERATOR_DEBUG_LEVEL': value '0' doesn't match value '2' in ConsoleApplication1.obj
dcmdata.lib(dclist.obj) : error LNK2038: mismatch detected for 'RuntimeLibrary': value 'MD_DynamicRelease' doesn't match value 'MDd_DynamicDebug' in ConsoleApplication1.obj
dcmdata.lib(dcpcache.obj) : error LNK2038: mismatch detected for '_ITERATOR_DEBUG_LEVEL': value '0' doesn't match value '2' in ConsoleApplication1.obj
dcmdata.lib(dcpcache.obj) : error LNK2038: mismatch detected for 'RuntimeLibrary': value 'MD_DynamicRelease' doesn't match value 'MDd_DynamicDebug' in ConsoleApplication1.obj
dcmdata.lib(dcelem.obj) : error LNK2038: mismatch detected for '_ITERATOR_DEBUG_LEVEL': value '0' doesn't match value '2' in ConsoleApplication1.obj
dcmdata.lib(dcelem.obj) : error LNK2038: mismatch detected for 'RuntimeLibrary': value 'MD_DynamicRelease' doesn't match value 'MDd_DynamicDebug' in ConsoleApplication1.obj
dcmdata.lib(dcvrobow.obj) : error LNK2038: mismatch detected for '_ITERATOR_DEBUG_LEVEL': value '0' doesn't match value '2' in ConsoleApplication1.obj
dcmdata.lib(dcvrobow.obj) : error LNK2038: mismatch detected for 'RuntimeLibrary': value 'MD_DynamicRelease' doesn't match value 'MDd_DynamicDebug' in ConsoleApplication1.obj
dcmdata.lib(dcvrpobw.obj) : error LNK2038: mismatch detected for '_ITERATOR_DEBUG_LEVEL': value '0' doesn't match value '2' in ConsoleApplication1.obj
dcmdata.lib(dcvrpobw.obj) : error LNK2038: mismatch detected for 'RuntimeLibrary': value 'MD_DynamicRelease' doesn't match value 'MDd_DynamicDebug' in ConsoleApplication1.obj
dcmdata.lib(dcsequen.obj) : error LNK2038: mismatch detected for '_ITERATOR_DEBUG_LEVEL': value '0' doesn't match value '2' in ConsoleApplication1.obj
dcmdata.lib(dcsequen.obj) : error LNK2038: mismatch detected for 'RuntimeLibrary': value 'MD_DynamicRelease' doesn't match value 'MDd_DynamicDebug' in ConsoleApplication1.obj
dcmdata.lib(dcvrae.obj) : error LNK2038: mismatch detected for '_ITERATOR_DEBUG_LEVEL': value '0' doesn't match value '2' in ConsoleApplication1.obj
dcmdata.lib(dcvrae.obj) : error LNK2038: mismatch detected for 'RuntimeLibrary': value 'MD_DynamicRelease' doesn't match value 'MDd_DynamicDebug' in ConsoleApplication1.obj
dcmdata.lib(dcvras.obj) : error LNK2038: mismatch detected for '_ITERATOR_DEBUG_LEVEL': value '0' doesn't match value '2' in ConsoleApplication1.obj
dcmdata.lib(dcvras.obj) : error LNK2038: mismatch detected for 'RuntimeLibrary': value 'MD_DynamicRelease' doesn't match value 'MDd_DynamicDebug' in ConsoleApplication1.obj
dcmdata.lib(dcvrat.obj) : error LNK2038: mismatch detected for '_ITERATOR_DEBUG_LEVEL': value '0' doesn't match value '2' in ConsoleApplication1.obj
dcmdata.lib(dcvrat.obj) : error LNK2038: mismatch detected for 'RuntimeLibrary': value 'MD_DynamicRelease' doesn't match value 'MDd_DynamicDebug' in ConsoleApplication1.obj
dcmdata.lib(dcvrcs.obj) : error LNK2038: mismatch detected for '_ITERATOR_DEBUG_LEVEL': value '0' doesn't match value '2' in ConsoleApplication1.obj
dcmdata.lib(dcvrcs.obj) : error LNK2038: mismatch detected for 'RuntimeLibrary': value 'MD_DynamicRelease' doesn't match value 'MDd_DynamicDebug' in ConsoleApplication1.obj
dcmdata.lib(dcvrda.obj) : error LNK2038: mismatch detected for '_ITERATOR_DEBUG_LEVEL': value '0' doesn't match value '2' in ConsoleApplication1.obj
dcmdata.lib(dcvrda.obj) : error LNK2038: mismatch detected for 'RuntimeLibrary': value 'MD_DynamicRelease' doesn't match value 'MDd_DynamicDebug' in ConsoleApplication1.obj
dcmdata.lib(dcvrds.obj) : error LNK2038: mismatch detected for '_ITERATOR_DEBUG_LEVEL': value '0' doesn't match value '2' in ConsoleApplication1.obj
dcmdata.lib(dcvrds.obj) : error LNK2038: mismatch detected for 'RuntimeLibrary': value 'MD_DynamicRelease' doesn't match value 'MDd_DynamicDebug' in ConsoleApplication1.obj
dcmdata.lib(dcvrdt.obj) : error LNK2038: mismatch detected for '_ITERATOR_DEBUG_LEVEL': value '0' doesn't match value '2' in ConsoleApplication1.obj
dcmdata.lib(dcvrdt.obj) : error LNK2038: mismatch detected for 'RuntimeLibrary': value 'MD_DynamicRelease' doesn't match value 'MDd_DynamicDebug' in ConsoleApplication1.obj
dcmdata.lib(dcvrfd.obj) : error LNK2038: mismatch detected for '_ITERATOR_DEBUG_LEVEL': value '0' doesn't match value '2' in ConsoleApplication1.obj
dcmdata.lib(dcvrfd.obj) : error LNK2038: mismatch detected for 'RuntimeLibrary': value 'MD_DynamicRelease' doesn't match value 'MDd_DynamicDebug' in ConsoleApplication1.obj
dcmdata.lib(dcvrfl.obj) : error LNK2038: mismatch detected for '_ITERATOR_DEBUG_LEVEL': value '0' doesn't match value '2' in ConsoleApplication1.obj
dcmdata.lib(dcvrfl.obj) : error LNK2038: mismatch detected for 'RuntimeLibrary': value 'MD_DynamicRelease' doesn't match value 'MDd_DynamicDebug' in ConsoleApplication1.obj
dcmdata.lib(dcvris.obj) : error LNK2038: mismatch detected for '_ITERATOR_DEBUG_LEVEL': value '0' doesn't match value '2' in ConsoleApplication1.obj
dcmdata.lib(dcvris.obj) : error LNK2038: mismatch detected for 'RuntimeLibrary': value 'MD_DynamicRelease' doesn't match value 'MDd_DynamicDebug' in ConsoleApplication1.obj
dcmdata.lib(dcvrlo.obj) : error LNK2038: mismatch detected for '_ITERATOR_DEBUG_LEVEL': value '0' doesn't match value '2' in ConsoleApplication1.obj
dcmdata.lib(dcvrlo.obj) : error LNK2038: mismatch detected for 'RuntimeLibrary': value 'MD_DynamicRelease' doesn't match value 'MDd_DynamicDebug' in ConsoleApplication1.obj
dcmdata.lib(dcvrlt.obj) : error LNK2038: mismatch detected for '_ITERATOR_DEBUG_LEVEL': value '0' doesn't match value '2' in ConsoleApplication1.obj
dcmdata.lib(dcvrlt.obj) : error LNK2038: mismatch detected for 'RuntimeLibrary': value 'MD_DynamicRelease' doesn't match value 'MDd_DynamicDebug' in ConsoleApplication1.obj
dcmdata.lib(dcvrod.obj) : error LNK2038: mismatch detected for '_ITERATOR_DEBUG_LEVEL': value '0' doesn't match value '2' in ConsoleApplication1.obj
dcmdata.lib(dcvrod.obj) : error LNK2038: mismatch detected for 'RuntimeLibrary': value 'MD_DynamicRelease' doesn't match value 'MDd_DynamicDebug' in ConsoleApplication1.obj
dcmdata.lib(dcvrof.obj) : error LNK2038: mismatch detected for '_ITERATOR_DEBUG_LEVEL': value '0' doesn't match value '2' in ConsoleApplication1.obj
dcmdata.lib(dcvrof.obj) : error LNK2038: mismatch detected for 'RuntimeLibrary': value 'MD_DynamicRelease' doesn't match value 'MDd_DynamicDebug' in ConsoleApplication1.obj
dcmdata.lib(dcvrul.obj) : error LNK2038: mismatch detected for '_ITERATOR_DEBUG_LEVEL': value '0' doesn't match value '2' in ConsoleApplication1.obj
dcmdata.lib(dcvrul.obj) : error LNK2038: mismatch detected for 'RuntimeLibrary': value 'MD_DynamicRelease' doesn't match value 'MDd_DynamicDebug' in ConsoleApplication1.obj
dcmdata.lib(dcvrol.obj) : error LNK2038: mismatch detected for '_ITERATOR_DEBUG_LEVEL': value '0' doesn't match value '2' in ConsoleApplication1.obj
dcmdata.lib(dcvrol.obj) : error LNK2038: mismatch detected for 'RuntimeLibrary': value 'MD_DynamicRelease' doesn't match value 'MDd_DynamicDebug' in ConsoleApplication1.obj
dcmdata.lib(dcvruv.obj) : error LNK2038: mismatch detected for '_ITERATOR_DEBUG_LEVEL': value '0' doesn't match value '2' in ConsoleApplication1.obj
dcmdata.lib(dcvruv.obj) : error LNK2038: mismatch detected for 'RuntimeLibrary': value 'MD_DynamicRelease' doesn't match value 'MDd_DynamicDebug' in ConsoleApplication1.obj
dcmdata.lib(dcvrov.obj) : error LNK2038: mismatch detected for '_ITERATOR_DEBUG_LEVEL': value '0' doesn't match value '2' in ConsoleApplication1.obj
dcmdata.lib(dcvrov.obj) : error LNK2038: mismatch detected for 'RuntimeLibrary': value 'MD_DynamicRelease' doesn't match value 'MDd_DynamicDebug' in ConsoleApplication1.obj
dcmdata.lib(dcvrpn.obj) : error LNK2038: mismatch detected for '_ITERATOR_DEBUG_LEVEL': value '0' doesn't match value '2' in ConsoleApplication1.obj
dcmdata.lib(dcvrpn.obj) : error LNK2038: mismatch detected for 'RuntimeLibrary': value 'MD_DynamicRelease' doesn't match value 'MDd_DynamicDebug' in ConsoleApplication1.obj
dcmdata.lib(dcvrsh.obj) : error LNK2038: mismatch detected for '_ITERATOR_DEBUG_LEVEL': value '0' doesn't match value '2' in ConsoleApplication1.obj
dcmdata.lib(dcvrsh.obj) : error LNK2038: mismatch detected for 'RuntimeLibrary': value 'MD_DynamicRelease' doesn't match value 'MDd_DynamicDebug' in ConsoleApplication1.obj
dcmdata.lib(dcvrsl.obj) : error LNK2038: mismatch detected for '_ITERATOR_DEBUG_LEVEL': value '0' doesn't match value '2' in ConsoleApplication1.obj
dcmdata.lib(dcvrsl.obj) : error LNK2038: mismatch detected for 'RuntimeLibrary': value 'MD_DynamicRelease' doesn't match value 'MDd_DynamicDebug' in ConsoleApplication1.obj
dcmdata.lib(dcvrss.obj) : error LNK2038: mismatch detected for '_ITERATOR_DEBUG_LEVEL': value '0' doesn't match value '2' in ConsoleApplication1.obj
dcmdata.lib(dcvrss.obj) : error LNK2038: mismatch detected for 'RuntimeLibrary': value 'MD_DynamicRelease' doesn't match value 'MDd_DynamicDebug' in ConsoleApplication1.obj
dcmdata.lib(dcvrst.obj) : error LNK2038: mismatch detected for '_ITERATOR_DEBUG_LEVEL': value '0' doesn't match value '2' in ConsoleApplication1.obj
dcmdata.lib(dcvrst.obj) : error LNK2038: mismatch detected for 'RuntimeLibrary': value 'MD_DynamicRelease' doesn't match value 'MDd_DynamicDebug' in ConsoleApplication1.obj
dcmdata.lib(dcvrsv.obj) : error LNK2038: mismatch detected for '_ITERATOR_DEBUG_LEVEL': value '0' doesn't match value '2' in ConsoleApplication1.obj
dcmdata.lib(dcvrsv.obj) : error LNK2038: mismatch detected for 'RuntimeLibrary': value 'MD_DynamicRelease' doesn't match value 'MDd_DynamicDebug' in ConsoleApplication1.obj
dcmdata.lib(dcvrtm.obj) : error LNK2038: mismatch detected for '_ITERATOR_DEBUG_LEVEL': value '0' doesn't match value '2' in ConsoleApplication1.obj
dcmdata.lib(dcvrtm.obj) : error LNK2038: mismatch detected for 'RuntimeLibrary': value 'MD_DynamicRelease' doesn't match value 'MDd_DynamicDebug' in ConsoleApplication1.obj
dcmdata.lib(dcvruc.obj) : error LNK2038: mismatch detected for '_ITERATOR_DEBUG_LEVEL': value '0' doesn't match value '2' in ConsoleApplication1.obj
dcmdata.lib(dcvruc.obj) : error LNK2038: mismatch detected for 'RuntimeLibrary': value 'MD_DynamicRelease' doesn't match value 'MDd_DynamicDebug' in ConsoleApplication1.obj
dcmdata.lib(dcvrui.obj) : error LNK2038: mismatch detected for '_ITERATOR_DEBUG_LEVEL': value '0' doesn't match value '2' in ConsoleApplication1.obj
dcmdata.lib(dcvrui.obj) : error LNK2038: mismatch detected for 'RuntimeLibrary': value 'MD_DynamicRelease' doesn't match value 'MDd_DynamicDebug' in ConsoleApplication1.obj
dcmdata.lib(dcvrulup.obj) : error LNK2038: mismatch detected for '_ITERATOR_DEBUG_LEVEL': value '0' doesn't match value '2' in ConsoleApplication1.obj
dcmdata.lib(dcvrulup.obj) : error LNK2038: mismatch detected for 'RuntimeLibrary': value 'MD_DynamicRelease' doesn't match value 'MDd_DynamicDebug' in ConsoleApplication1.obj
dcmdata.lib(dcvrur.obj) : error LNK2038: mismatch detected for '_ITERATOR_DEBUG_LEVEL': value '0' doesn't match value '2' in ConsoleApplication1.obj
dcmdata.lib(dcvrur.obj) : error LNK2038: mismatch detected for 'RuntimeLibrary': value 'MD_DynamicRelease' doesn't match value 'MDd_DynamicDebug' in ConsoleApplication1.obj
dcmdata.lib(dcvrus.obj) : error LNK2038: mismatch detected for '_ITERATOR_DEBUG_LEVEL': value '0' doesn't match value '2' in ConsoleApplication1.obj
dcmdata.lib(dcvrus.obj) : error LNK2038: mismatch detected for 'RuntimeLibrary': value 'MD_DynamicRelease' doesn't match value 'MDd_DynamicDebug' in ConsoleApplication1.obj
dcmdata.lib(dcvrut.obj) : error LNK2038: mismatch detected for '_ITERATOR_DEBUG_LEVEL': value '0' doesn't match value '2' in ConsoleApplication1.obj
dcmdata.lib(dcvrut.obj) : error LNK2038: mismatch detected for 'RuntimeLibrary': value 'MD_DynamicRelease' doesn't match value 'MDd_DynamicDebug' in ConsoleApplication1.obj
dcmdata.lib(dcspchrs.obj) : error LNK2038: mismatch detected for '_ITERATOR_DEBUG_LEVEL': value '0' doesn't match value '2' in ConsoleApplication1.obj
dcmdata.lib(dcspchrs.obj) : error LNK2038: mismatch detected for 'RuntimeLibrary': value 'MD_DynamicRelease' doesn't match value 'MDd_DynamicDebug' in ConsoleApplication1.obj
dcmdata.lib(dctypes.obj) : error LNK2038: mismatch detected for '_ITERATOR_DEBUG_LEVEL': value '0' doesn't match value '2' in ConsoleApplication1.obj
dcmdata.lib(dctypes.obj) : error LNK2038: mismatch detected for 'RuntimeLibrary': value 'MD_DynamicRelease' doesn't match value 'MDd_DynamicDebug' in ConsoleApplication1.obj
dcmdata.lib(dchashdi.obj) : error LNK2038: mismatch detected for '_ITERATOR_DEBUG_LEVEL': value '0' doesn't match value '2' in ConsoleApplication1.obj
dcmdata.lib(dchashdi.obj) : error LNK2038: mismatch detected for 'RuntimeLibrary': value 'MD_DynamicRelease' doesn't match value 'MDd_DynamicDebug' in ConsoleApplication1.obj
dcmdata.lib(dcdictbi.obj) : error LNK2038: mismatch detected for '_ITERATOR_DEBUG_LEVEL': value '0' doesn't match value '2' in ConsoleApplication1.obj
dcmdata.lib(dcdictbi.obj) : error LNK2038: mismatch detected for 'RuntimeLibrary': value 'MD_DynamicRelease' doesn't match value 'MDd_DynamicDebug' in ConsoleApplication1.obj
dcmdata.lib(dcdicent.obj) : error LNK2038: mismatch detected for '_ITERATOR_DEBUG_LEVEL': value '0' doesn't match value '2' in ConsoleApplication1.obj
dcmdata.lib(dcdicent.obj) : error LNK2038: mismatch detected for 'RuntimeLibrary': value 'MD_DynamicRelease' doesn't match value 'MDd_DynamicDebug' in ConsoleApplication1.obj
dcmdata.lib(dcostrma.obj) : error LNK2038: mismatch detected for '_ITERATOR_DEBUG_LEVEL': value '0' doesn't match value '2' in ConsoleApplication1.obj
dcmdata.lib(dcostrma.obj) : error LNK2038: mismatch detected for 'RuntimeLibrary': value 'MD_DynamicRelease' doesn't match value 'MDd_DynamicDebug' in ConsoleApplication1.obj
dcmdata.lib(dcostrmf.obj) : error LNK2038: mismatch detected for '_ITERATOR_DEBUG_LEVEL': value '0' doesn't match value '2' in ConsoleApplication1.obj
dcmdata.lib(dcostrmf.obj) : error LNK2038: mismatch detected for 'RuntimeLibrary': value 'MD_DynamicRelease' doesn't match value 'MDd_DynamicDebug' in ConsoleApplication1.obj
dcmdata.lib(dcistrma.obj) : error LNK2038: mismatch detected for '_ITERATOR_DEBUG_LEVEL': value '0' doesn't match value '2' in ConsoleApplication1.obj
dcmdata.lib(dcistrma.obj) : error LNK2038: mismatch detected for 'RuntimeLibrary': value 'MD_DynamicRelease' doesn't match value 'MDd_DynamicDebug' in ConsoleApplication1.obj
dcmdata.lib(dcistrmf.obj) : error LNK2038: mismatch detected for '_ITERATOR_DEBUG_LEVEL': value '0' doesn't match value '2' in ConsoleApplication1.obj
dcmdata.lib(dcistrmf.obj) : error LNK2038: mismatch detected for 'RuntimeLibrary': value 'MD_DynamicRelease' doesn't match value 'MDd_DynamicDebug' in ConsoleApplication1.obj
dcmdata.lib(dcmetinf.obj) : error LNK2038: mismatch detected for '_ITERATOR_DEBUG_LEVEL': value '0' doesn't match value '2' in ConsoleApplication1.obj
dcmdata.lib(dcmetinf.obj) : error LNK2038: mismatch detected for 'RuntimeLibrary': value 'MD_DynamicRelease' doesn't match value 'MDd_DynamicDebug' in ConsoleApplication1.obj
dcmdata.lib(dccodec.obj) : error LNK2038: mismatch detected for '_ITERATOR_DEBUG_LEVEL': value '0' doesn't match value '2' in ConsoleApplication1.obj
dcmdata.lib(dccodec.obj) : error LNK2038: mismatch detected for 'RuntimeLibrary': value 'MD_DynamicRelease' doesn't match value 'MDd_DynamicDebug' in ConsoleApplication1.obj
dcmdata.lib(dcpixseq.obj) : error LNK2038: mismatch detected for '_ITERATOR_DEBUG_LEVEL': value '0' doesn't match value '2' in ConsoleApplication1.obj
dcmdata.lib(dcpixseq.obj) : error LNK2038: mismatch detected for 'RuntimeLibrary': value 'MD_DynamicRelease' doesn't match value 'MDd_DynamicDebug' in ConsoleApplication1.obj
dcmdata.lib(dcjson.obj) : error LNK2038: mismatch detected for '_ITERATOR_DEBUG_LEVEL': value '0' doesn't match value '2' in ConsoleApplication1.obj
dcmdata.lib(dcjson.obj) : error LNK2038: mismatch detected for 'RuntimeLibrary': value 'MD_DynamicRelease' doesn't match value 'MDd_DynamicDebug' in ConsoleApplication1.obj
dcmdata.lib(dcwcache.obj) : error LNK2038: mismatch detected for '_ITERATOR_DEBUG_LEVEL': value '0' doesn't match value '2' in ConsoleApplication1.obj
dcmdata.lib(dcwcache.obj) : error LNK2038: mismatch detected for 'RuntimeLibrary': value 'MD_DynamicRelease' doesn't match value 'MDd_DynamicDebug' in ConsoleApplication1.obj
dcmdata.lib(vrscan.obj) : error LNK2038: mismatch detected for '_ITERATOR_DEBUG_LEVEL': value '0' doesn't match value '2' in ConsoleApplication1.obj
dcmdata.lib(vrscan.obj) : error LNK2038: mismatch detected for 'RuntimeLibrary': value 'MD_DynamicRelease' doesn't match value 'MDd_DynamicDebug' in ConsoleApplication1.obj
dcmdata.lib(dcdirrec.obj) : error LNK2038: mismatch detected for '_ITERATOR_DEBUG_LEVEL': value '0' doesn't match value '2' in ConsoleApplication1.obj
dcmdata.lib(dcdirrec.obj) : error LNK2038: mismatch detected for 'RuntimeLibrary': value 'MD_DynamicRelease' doesn't match value 'MDd_DynamicDebug' in ConsoleApplication1.obj
dcmdata.lib(dcpxitem.obj) : error LNK2038: mismatch detected for '_ITERATOR_DEBUG_LEVEL': value '0' doesn't match value '2' in ConsoleApplication1.obj
dcmdata.lib(dcpxitem.obj) : error LNK2038: mismatch detected for 'RuntimeLibrary': value 'MD_DynamicRelease' doesn't match value 'MDd_DynamicDebug' in ConsoleApplication1.obj
dcmdata.lib(dcbytstr.obj) : error LNK2038: mismatch detected for '_ITERATOR_DEBUG_LEVEL': value '0' doesn't match value '2' in ConsoleApplication1.obj
dcmdata.lib(dcbytstr.obj) : error LNK2038: mismatch detected for 'RuntimeLibrary': value 'MD_DynamicRelease' doesn't match value 'MDd_DynamicDebug' in ConsoleApplication1.obj
dcmdata.lib(dcmatch.obj) : error LNK2038: mismatch detected for '_ITERATOR_DEBUG_LEVEL': value '0' doesn't match value '2' in ConsoleApplication1.obj
dcmdata.lib(dcmatch.obj) : error LNK2038: mismatch detected for 'RuntimeLibrary': value 'MD_DynamicRelease' doesn't match value 'MDd_DynamicDebug' in ConsoleApplication1.obj
dcmdata.lib(dcchrstr.obj) : error LNK2038: mismatch detected for '_ITERATOR_DEBUG_LEVEL': value '0' doesn't match value '2' in ConsoleApplication1.obj
dcmdata.lib(dcchrstr.obj) : error LNK2038: mismatch detected for 'RuntimeLibrary': value 'MD_DynamicRelease' doesn't match value 'MDd_DynamicDebug' in ConsoleApplication1.obj
dcmdata.lib(dcostrmz.obj) : error LNK2038: mismatch detected for '_ITERATOR_DEBUG_LEVEL': value '0' doesn't match value '2' in ConsoleApplication1.obj
dcmdata.lib(dcostrmz.obj) : error LNK2038: mismatch detected for 'RuntimeLibrary': value 'MD_DynamicRelease' doesn't match value 'MDd_DynamicDebug' in ConsoleApplication1.obj
dcmdata.lib(dcistrmz.obj) : error LNK2038: mismatch detected for '_ITERATOR_DEBUG_LEVEL': value '0' doesn't match value '2' in ConsoleApplication1.obj
dcmdata.lib(dcistrmz.obj) : error LNK2038: mismatch detected for 'RuntimeLibrary': value 'MD_DynamicRelease' doesn't match value 'MDd_DynamicDebug' in ConsoleApplication1.obj
ofstd.lib(ofdate.obj) : error LNK2038: mismatch detected for '_ITERATOR_DEBUG_LEVEL': value '0' doesn't match value '2' in ConsoleApplication1.obj
ofstd.lib(ofdate.obj) : error LNK2038: mismatch detected for 'RuntimeLibrary': value 'MD_DynamicRelease' doesn't match value 'MDd_DynamicDebug' in ConsoleApplication1.obj
ofstd.lib(oftime.obj) : error LNK2038: mismatch detected for '_ITERATOR_DEBUG_LEVEL': value '0' doesn't match value '2' in ConsoleApplication1.obj
ofstd.lib(oftime.obj) : error LNK2038: mismatch detected for 'RuntimeLibrary': value 'MD_DynamicRelease' doesn't match value 'MDd_DynamicDebug' in ConsoleApplication1.obj
ofstd.lib(ofcmdln.obj) : error LNK2038: mismatch detected for '_ITERATOR_DEBUG_LEVEL': value '0' doesn't match value '2' in ConsoleApplication1.obj
ofstd.lib(ofcmdln.obj) : error LNK2038: mismatch detected for 'RuntimeLibrary': value 'MD_DynamicRelease' doesn't match value 'MDd_DynamicDebug' in ConsoleApplication1.obj
ofstd.lib(ofconapp.obj) : error LNK2038: mismatch detected for '_ITERATOR_DEBUG_LEVEL': value '0' doesn't match value '2' in ConsoleApplication1.obj
ofstd.lib(ofconapp.obj) : error LNK2038: mismatch detected for 'RuntimeLibrary': value 'MD_DynamicRelease' doesn't match value 'MDd_DynamicDebug' in ConsoleApplication1.obj
ofstd.lib(ofuuid.obj) : error LNK2038: mismatch detected for '_ITERATOR_DEBUG_LEVEL': value '0' doesn't match value '2' in ConsoleApplication1.obj
ofstd.lib(ofuuid.obj) : error LNK2038: mismatch detected for 'RuntimeLibrary': value 'MD_DynamicRelease' doesn't match value 'MDd_DynamicDebug' in ConsoleApplication1.obj
ofstd.lib(ofdatime.obj) : error LNK2038: mismatch detected for '_ITERATOR_DEBUG_LEVEL': value '0' doesn't match value '2' in ConsoleApplication1.obj
ofstd.lib(ofdatime.obj) : error LNK2038: mismatch detected for 'RuntimeLibrary': value 'MD_DynamicRelease' doesn't match value 'MDd_DynamicDebug' in ConsoleApplication1.obj
ofstd.lib(ofchrenc.obj) : error LNK2038: mismatch detected for '_ITERATOR_DEBUG_LEVEL': value '0' doesn't match value '2' in ConsoleApplication1.obj
ofstd.lib(ofchrenc.obj) : error LNK2038: mismatch detected for 'RuntimeLibrary': value 'MD_DynamicRelease' doesn't match value 'MDd_DynamicDebug' in ConsoleApplication1.obj
ofstd.lib(ofrand.obj) : error LNK2038: mismatch detected for '_ITERATOR_DEBUG_LEVEL': value '0' doesn't match value '2' in ConsoleApplication1.obj
ofstd.lib(ofrand.obj) : error LNK2038: mismatch detected for 'RuntimeLibrary': value 'MD_DynamicRelease' doesn't match value 'MDd_DynamicDebug' in ConsoleApplication1.obj
LINK : warning LNK4098: defaultlib 'MSVCRT' conflicts with use of other libs; use /NODEFAULTLIB:library
ConsoleApplication1.obj : error LNK2019: unresolved external symbol "class cv::debug_build_guard::_InputOutputArray const & __cdecl cv::noArray(void)" (?noArray@cv@@YAAEBV_InputOutputArray@debug_build_guard@1@XZ) referenced in function "class cv::Mat & __cdecl cv::operator+=(class cv::Mat &,class cv::Mat const &)" (??Ycv@@YAAEAVMat@0@AEAV10@AEBV10@@Z)
ConsoleApplication1.obj : error LNK2019: unresolved external symbol "public: void __cdecl cv::Mat::copyTo(class cv::debug_build_guard::_OutputArray const &)const " (?copyTo@Mat@cv@@QEBAXAEBV_OutputArray@debug_build_guard@2@@Z) referenced in function "void __cdecl ChangeCropView(int,int,int,int,void *)" (?ChangeCropView@@YAXHHHHPEAX@Z)
ConsoleApplication1.obj : error LNK2019: unresolved external symbol "public: void __cdecl cv::Mat::convertTo(class cv::debug_build_guard::_OutputArray const &,int,double,double)const " (?convertTo@Mat@cv@@QEBAXAEBV_OutputArray@debug_build_guard@2@HNN@Z) referenced in function "public: class cv::Mat_<unsigned char> & __cdecl cv::Mat_<unsigned char>::operator=(class cv::Mat &&)" (??4?$Mat_@E@cv@@QEAAAEAV01@$$QEAVMat@1@@Z)
ConsoleApplication1.obj : error LNK2019: unresolved external symbol "void __cdecl cv::add(class cv::debug_build_guard::_InputArray const &,class cv::debug_build_guard::_InputArray const &,class cv::debug_build_guard::_OutputArray const &,class cv::debug_build_guard::_InputArray const &,int)" (?add@cv@@YAXAEBV_InputArray@debug_build_guard@1@0AEBV_OutputArray@31@0H@Z) referenced in function "class cv::Mat & __cdecl cv::operator+=(class cv::Mat &,class cv::Mat const &)" (??Ycv@@YAAEAVMat@0@AEAV10@AEBV10@@Z)
ConsoleApplication1.obj : error LNK2019: unresolved external symbol "void __cdecl cv::addWeighted(class cv::debug_build_guard::_InputArray const &,double,class cv::debug_build_guard::_InputArray const &,double,double,class cv::debug_build_guard::_OutputArray const &,int)" (?addWeighted@cv@@YAXAEBV_InputArray@debug_build_guard@1@N0NNAEBV_OutputArray@31@H@Z) referenced in function "void __cdecl ChangeCropView(int,int,int,int,void *)" (?ChangeCropView@@YAXHHHHPEAX@Z)
ConsoleApplication1.obj : error LNK2019: unresolved external symbol "int __cdecl cv::countNonZero(class cv::debug_build_guard::_InputArray const &)" (?countNonZero@cv@@YAHAEBV_InputArray@debug_build_guard@1@@Z) referenced in function "bool __cdecl CheckNeighbourComplete(class cv::Mat * const)" (?CheckNeighbourComplete@@YA_NQEAVMat@cv@@@Z)
ConsoleApplication1.obj : error LNK2019: unresolved external symbol "void __cdecl cv::minMaxLoc(class cv::debug_build_guard::_InputArray const &,double *,double *,class cv::Point_<int> *,class cv::Point_<int> *,class cv::debug_build_guard::_InputArray const &)" (?minMaxLoc@cv@@YAXAEBV_InputArray@debug_build_guard@1@PEAN1PEAV?$Point_@H@1@20@Z) referenced in function "void __cdecl show_histogram(class std::basic_string<char,struct std::char_traits<char>,class std::allocator<char> > const &,class cv::Mat_<unsigned char> const &)" (?show_histogram@@YAXAEBV?$basic_string@DU?$char_traits@D@std@@V?$allocator@D@2@@std@@AEBV?$Mat_@E@cv@@@Z)
ConsoleApplication1.obj : error LNK2019: unresolved external symbol "void __cdecl cv::imshow(class std::basic_string<char,struct std::char_traits<char>,class std::allocator<char> > const &,class cv::debug_build_guard::_InputArray const &)" (?imshow@cv@@YAXAEBV?$basic_string@DU?$char_traits@D@std@@V?$allocator@D@2@@std@@AEBV_InputArray@debug_build_guard@1@@Z) referenced in function "void __cdecl ChangeCropView(int,int,int,int,void *)" (?ChangeCropView@@YAXHHHHPEAX@Z)
ConsoleApplication1.obj : error LNK2019: unresolved external symbol "void __cdecl cv::calcHist(class cv::Mat const *,int,int const *,class cv::debug_build_guard::_InputArray const &,class cv::debug_build_guard::_OutputArray const &,int,int const *,float const * *,bool,bool)" (?calcHist@cv@@YAXPEBVMat@1@HPEBHAEBV_InputArray@debug_build_guard@1@AEBV_OutputArray@41@H1PEAPEBM_N5@Z) referenced in function "void __cdecl show_histogram(class std::basic_string<char,struct std::char_traits<char>,class std::allocator<char> > const &,class cv::Mat_<unsigned char> const &)" (?show_histogram@@YAXAEBV?$basic_string@DU?$char_traits@D@std@@V?$allocator@D@2@@std@@AEBV?$Mat_@E@cv@@@Z)
ConsoleApplication1.obj : error LNK2019: unresolved external symbol "void __cdecl cv::cvtColor(class cv::debug_build_guard::_InputArray const &,class cv::debug_build_guard::_OutputArray const &,int,int)" (?cvtColor@cv@@YAXAEBV_InputArray@debug_build_guard@1@AEBV_OutputArray@31@HH@Z) referenced in function "void __cdecl ChangeCropView(int,int,int,int,void *)" (?ChangeCropView@@YAXHHHHPEAX@Z)
ConsoleApplication1.obj : error LNK2019: unresolved external symbol "void __cdecl cv::line(class cv::debug_build_guard::_InputOutputArray const &,class cv::Point_<int>,class cv::Point_<int>,class cv::Scalar_<double> const &,int,int,int)" (?line@cv@@YAXAEBV_InputOutputArray@debug_build_guard@1@V?$Point_@H@1@1AEBV?$Scalar_@N@1@HHH@Z) referenced in function "void __cdecl Segment_track(int,void *)" (?Segment_track@@YAXHPEAX@Z)
ConsoleApplication1.obj : error LNK2019: unresolved external symbol "void __cdecl cv::rectangle(class cv::debug_build_guard::_InputOutputArray const &,class cv::Point_<int>,class cv::Point_<int>,class cv::Scalar_<double> const &,int,int,int)" (?rectangle@cv@@YAXAEBV_InputOutputArray@debug_build_guard@1@V?$Point_@H@1@1AEBV?$Scalar_@N@1@HHH@Z) referenced in function "void __cdecl ChangeCropView(int,int,int,int,void *)" (?ChangeCropView@@YAXHHHHPEAX@Z)
ConsoleApplication1.obj : error LNK2019: unresolved external symbol "void __cdecl cv::fastNlMeansDenoising(class cv::debug_build_guard::_InputArray const &,class cv::debug_build_guard::_OutputArray const &,float,int,int)" (?fastNlMeansDenoising@cv@@YAXAEBV_InputArray@debug_build_guard@1@AEBV_OutputArray@31@MHH@Z) referenced in function "void __cdecl ChangeCropView(int,int,int,int,void *)" (?ChangeCropView@@YAXHHHHPEAX@Z)
C:\Users\polit\source\repos\ConsoleApplication1\x64\Debug\ConsoleApplication1.exe : fatal error LNK1120: 13 unresolved externals
